
Total Memory Available: 40000Kb
Memory Left For System - Requested: 10000Kb, Actual: 10000Kb
Network Buffer - Requested: 64Kb, Actual: 64Kb
Printer Buffer - Requested: 1024Kb, Actual: 1024Kb
Band Size - Requested: 128Kb, Actual: 128Kb
Memory available for RIP: 28912Kb

! Harlequin Color Test Plugin with checksums: Version 3.0r0 - Copyright (c) 1992-1998 Harlequin Group plc. All Rights Reserved.
! Harlequin Test Plugin with checksums: Version 3.0r0 - Copyright (c) 1992-1998 Harlequin Group plc. All Rights Reserved.
! Harlequin SpoolFolder Plugin : Version 3.0r0 - Copyright (c) 1993 - 1998 Harlequin Group plc. All Rights Reserved.
Updating standard Printing Press calibration curves...
RIP Version 5.0 Revision 0 Preview Release
Working set requested: 34096Kb; granted: 34096Kb
Serial number: 41586-55

Setup loaded: "test 2 (colour)"
Starting Job On 09 October 1998 15:44:23
Using Color Setup "(None)"
Using default device calibration

Interpretation time: 7 minutes 29 seconds
Screen Usage:
 Dot Shape: 'HDS Fine'   Color: Cyan
 Dot Shape: 'HDS Fine'   Color: Magenta
 Dot Shape: 'HDS Fine'   Color: Yellow
 Dot Shape: 'HDS Fine'   Color: Black
Outputting page...
CHECKSUM = DC3838F
Left Margin 0, Right Margin 4554, Top Margin 0, Bottom Margin 946, Margin negate 0
Color type 0, 1 bits 
Print time: 10 seconds
Total time: 7 minutes 44 seconds
Job Completed: Ausenpln.ps

Setup loaded: "test 2 (colour)"
Starting Job On 09 October 1998 15:53:18
Using Color Setup "(None)"
Using default device calibration

Extracting file encodings/TORAY-ExtJIS12-88-CFEncoding... extraction completed
Extracting file fonts/TB-Gothic-Medium-H... extraction completed
Extracting file fonts/TB-Gothic-Medium-V... extraction completed
Extracting file fonts/TB-Gothic-Medium.Hankaku... extraction completed
Extracting file fonts/TB-Gothic-Medium.r21... extraction completed
Extracting file fonts/TB-Gothic-Medium.r22... extraction completed
Extracting file fonts/TB-Gothic-Medium.r23... extraction completed
Extracting file fonts/TB-Gothic-Medium.r24... extraction completed
Extracting file fonts/TB-Gothic-Medium.r25... extraction completed
Extracting file fonts/TB-Gothic-Medium.r26... extraction completed
Extracting file fonts/TB-Gothic-Medium.r27... extraction completed
Extracting file fonts/TB-Gothic-Medium.r28... extraction completed
Extracting file fonts/TB-Gothic-Medium.r29... extraction completed
Extracting file fonts/TB-Gothic-Medium.r2A... extraction completed
Extracting file fonts/TB-Gothic-Medium.r2D... extraction completed
Extracting file fonts/TB-Gothic-Medium.r2E... extraction completed
Extracting file fonts/TB-Gothic-Medium.r30... extraction completed
Extracting file fonts/TB-Gothic-Medium.r31... extraction completed
Extracting file fonts/TB-Gothic-Medium.r32... extraction completed
Extracting file fonts/TB-Gothic-Medium.r33... extraction completed
Extracting file fonts/TB-Gothic-Medium.r34... extraction completed
Extracting file fonts/TB-Gothic-Medium.r35... extraction completed
Extracting file fonts/TB-Gothic-Medium.r36... extraction completed
Extracting file fonts/TB-Gothic-Medium.r37... extraction completed
Extracting file fonts/TB-Gothic-Medium.r38... extraction completed
Extracting file fonts/TB-Gothic-Medium.r39... extraction completed
Extracting file fonts/TB-Gothic-Medium.r3A... extraction completed
Extracting file fonts/TB-Gothic-Medium.r3B... extraction completed
Extracting file fonts/TB-Gothic-Medium.r3C... extraction completed
Extracting file fonts/TB-Gothic-Medium.r3D... extraction completed
Extracting file fonts/TB-Gothic-Medium.r3E... extraction completed
Extracting file fonts/TB-Gothic-Medium.r3F... extraction completed
Extracting file fonts/TB-Gothic-Medium.r40... extraction completed
Extracting file fonts/TB-Gothic-Medium.r41... extraction completed
Extracting file fonts/TB-Gothic-Medium.r42... extraction completed
Extracting file fonts/TB-Gothic-Medium.r43... extraction completed
Extracting file fonts/TB-Gothic-Medium.r44... extraction completed
Extracting file fonts/TB-Gothic-Medium.r45... extraction completed
Extracting file fonts/TB-Gothic-Medium.r46... extraction completed
Extracting file fonts/TB-Gothic-Medium.r47... extraction completed
Extracting file fonts/TB-Gothic-Medium.r48... extraction completed
Extracting file fonts/TB-Gothic-Medium.r49... extraction completed
Extracting file fonts/TB-Gothic-Medium.r4A... extraction completed
Extracting file fonts/TB-Gothic-Medium.r4B... extraction completed
Extracting file fonts/TB-Gothic-Medium.r4C... extraction completed
Extracting file fonts/TB-Gothic-Medium.r4D... extraction completed
Extracting file fonts/TB-Gothic-Medium.r4E... extraction completed
Extracting file fonts/TB-Gothic-Medium.r4F... extraction completed
Extracting file fonts/TB-Gothic-Medium.r50... extraction completed
Extracting file fonts/TB-Gothic-Medium.r51... extraction completed
Extracting file fonts/TB-Gothic-Medium.r52... extraction completed
Extracting file fonts/TB-Gothic-Medium.r53... extraction completed
Extracting file fonts/TB-Gothic-Medium.r54... extraction completed
Extracting file fonts/TB-Gothic-Medium.r55... extraction completed
Extracting file fonts/TB-Gothic-Medium.r56... extraction completed
Extracting file fonts/TB-Gothic-Medium.r57... extraction completed
Extracting file fonts/TB-Gothic-Medium.r58... extraction completed
Extracting file fonts/TB-Gothic-Medium.r59... extraction completed
Extracting file fonts/TB-Gothic-Medium.r5A... extraction completed
Extracting file fonts/TB-Gothic-Medium.r5B... extraction completed
Extracting file fonts/TB-Gothic-Medium.r5C... extraction completed
Extracting file fonts/TB-Gothic-Medium.r5D... extraction completed
Extracting file fonts/TB-Gothic-Medium.r5E... extraction completed
Extracting file fonts/TB-Gothic-Medium.r5F... extraction completed
Extracting file fonts/TB-Gothic-Medium.r60... extraction completed
Extracting file fonts/TB-Gothic-Medium.r61... extraction completed
Extracting file fonts/TB-Gothic-Medium.r62... extraction completed
Extracting file fonts/TB-Gothic-Medium.r63... extraction completed
Extracting file fonts/TB-Gothic-Medium.r64... extraction completed
Extracting file fonts/TB-Gothic-Medium.r65... extraction completed
Extracting file fonts/TB-Gothic-Medium.r66... extraction completed
Extracting file fonts/TB-Gothic-Medium.r67... extraction completed
Extracting file fonts/TB-Gothic-Medium.r68... extraction completed
Extracting file fonts/TB-Gothic-Medium.r69... extraction completed
Extracting file fonts/TB-Gothic-Medium.r6A... extraction completed
Extracting file fonts/TB-Gothic-Medium.r6B... extraction completed
Extracting file fonts/TB-Gothic-Medium.r6C... extraction completed
Extracting file fonts/TB-Gothic-Medium.r6D... extraction completed
Extracting file fonts/TB-Gothic-Medium.r6E... extraction completed
Extracting file fonts/TB-Gothic-Medium.r6F... extraction completed
Extracting file fonts/TB-Gothic-Medium.r70... extraction completed
Extracting file fonts/TB-Gothic-Medium.r71... extraction completed
Extracting file fonts/TB-Gothic-Medium.r72... extraction completed
Extracting file fonts/TB-Gothic-Medium.r73... extraction completed
Extracting file fonts/TB-Gothic-Medium.r74... extraction completed
Extracting file fonts/TB-Gothic-Medium.r78... extraction completed
Extracting file fonts/TB-Gothic-Medium.r79... extraction completed
Extracting file fonts/TB-Gothic-Medium.r7A... extraction completed
Extracting file fonts/TB-Mincho-Medium-H... extraction completed
Extracting file fonts/TB-Mincho-Medium-V... extraction completed
Extracting file fonts/TB-Mincho-Medium.Hankaku... extraction completed
Extracting file fonts/TB-Mincho-Medium.r21... extraction completed
Extracting file fonts/TB-Mincho-Medium.r22... extraction completed
Extracting file fonts/TB-Mincho-Medium.r23... extraction completed
Extracting file fonts/TB-Mincho-Medium.r24... extraction completed
Extracting file fonts/TB-Mincho-Medium.r25... extraction completed
Extracting file fonts/TB-Mincho-Medium.r26... extraction completed
Extracting file fonts/TB-Mincho-Medium.r27... extraction completed
Extracting file fonts/TB-Mincho-Medium.r28... extraction completed
Extracting file fonts/TB-Mincho-Medium.r29... extraction completed
Extracting file fonts/TB-Mincho-Medium.r2A... extraction completed
Extracting file fonts/TB-Mincho-Medium.r2D... extraction completed
Extracting file fonts/TB-Mincho-Medium.r2E... extraction completed
Extracting file fonts/TB-Mincho-Medium.r30... extraction completed
Extracting file fonts/TB-Mincho-Medium.r31... extraction completed
Extracting file fonts/TB-Mincho-Medium.r32... extraction completed
Extracting file fonts/TB-Mincho-Medium.r33... extraction completed
Extracting file fonts/TB-Mincho-Medium.r34... extraction completed
Extracting file fonts/TB-Mincho-Medium.r35... extraction completed
Extracting file fonts/TB-Mincho-Medium.r36... extraction completed
Extracting file fonts/TB-Mincho-Medium.r37... extraction completed
Extracting file fonts/TB-Mincho-Medium.r38... extraction completed
Extracting file fonts/TB-Mincho-Medium.r39... extraction completed
Extracting file fonts/TB-Mincho-Medium.r3A... extraction completed
Extracting file fonts/TB-Mincho-Medium.r3B... extraction completed
Extracting file fonts/TB-Mincho-Medium.r3C... extraction completed
Extracting file fonts/TB-Mincho-Medium.r3D... extraction completed
Extracting file fonts/TB-Mincho-Medium.r3E... extraction completed
Extracting file fonts/TB-Mincho-Medium.r3F... extraction completed
Extracting file fonts/TB-Mincho-Medium.r40... extraction completed
Extracting file fonts/TB-Mincho-Medium.r41... extraction completed
Extracting file fonts/TB-Mincho-Medium.r42... extraction completed
Extracting file fonts/TB-Mincho-Medium.r43... extraction completed
Extracting file fonts/TB-Mincho-Medium.r44... extraction completed
Extracting file fonts/TB-Mincho-Medium.r45... extraction completed
Extracting file fonts/TB-Mincho-Medium.r46... extraction completed
Extracting file fonts/TB-Mincho-Medium.r47... extraction completed
Extracting file fonts/TB-Mincho-Medium.r48... extraction completed
Extracting file fonts/TB-Mincho-Medium.r49... extraction completed
Extracting file fonts/TB-Mincho-Medium.r4A... extraction completed
Extracting file fonts/TB-Mincho-Medium.r4B... extraction completed
Extracting file fonts/TB-Mincho-Medium.r4C... extraction completed
Extracting file fonts/TB-Mincho-Medium.r4D... extraction completed
Extracting file fonts/TB-Mincho-Medium.r4E... extraction completed
Extracting file fonts/TB-Mincho-Medium.r4F... extraction completed
Extracting file fonts/TB-Mincho-Medium.r50... extraction completed
Extracting file fonts/TB-Mincho-Medium.r51... extraction completed
Extracting file fonts/TB-Mincho-Medium.r52... extraction completed
Extracting file fonts/TB-Mincho-Medium.r53... extraction completed
Extracting file fonts/TB-Mincho-Medium.r54... extraction completed
Extracting file fonts/TB-Mincho-Medium.r55... extraction completed
Extracting file fonts/TB-Mincho-Medium.r56... extraction completed
Extracting file fonts/TB-Mincho-Medium.r57... extraction completed
Extracting file fonts/TB-Mincho-Medium.r58... extraction completed
Extracting file fonts/TB-Mincho-Medium.r59... extraction completed
Extracting file fonts/TB-Mincho-Medium.r5A... extraction completed
Extracting file fonts/TB-Mincho-Medium.r5B... extraction completed
Extracting file fonts/TB-Mincho-Medium.r5C... extraction completed
Extracting file fonts/TB-Mincho-Medium.r5D... extraction completed
Extracting file fonts/TB-Mincho-Medium.r5E... extraction completed
Extracting file fonts/TB-Mincho-Medium.r5F... extraction completed
Extracting file fonts/TB-Mincho-Medium.r60... extraction completed
Extracting file fonts/TB-Mincho-Medium.r61... extraction completed
Extracting file fonts/TB-Mincho-Medium.r62... extraction completed
Extracting file fonts/TB-Mincho-Medium.r63... extraction completed
Extracting file fonts/TB-Mincho-Medium.r64... extraction completed
Extracting file fonts/TB-Mincho-Medium.r65... extraction completed
Extracting file fonts/TB-Mincho-Medium.r66... extraction completed
Extracting file fonts/TB-Mincho-Medium.r67... extraction completed
Extracting file fonts/TB-Mincho-Medium.r68... extraction completed
Extracting file fonts/TB-Mincho-Medium.r69... extraction completed
Extracting file fonts/TB-Mincho-Medium.r6A... extraction completed
Extracting file fonts/TB-Mincho-Medium.r6B... extraction completed
Extracting file fonts/TB-Mincho-Medium.r6C... extraction completed
Extracting file fonts/TB-Mincho-Medium.r6D... extraction completed
Extracting file fonts/TB-Mincho-Medium.r6E... extraction completed
Extracting file fonts/TB-Mincho-Medium.r6F... extraction completed
Extracting file fonts/TB-Mincho-Medium.r70... extraction completed
Extracting file fonts/TB-Mincho-Medium.r71... extraction completed
Extracting file fonts/TB-Mincho-Medium.r72... extraction completed
Extracting file fonts/TB-Mincho-Medium.r73... extraction completed
Extracting file fonts/TB-Mincho-Medium.r74... extraction completed
Extracting file fonts/TB-Mincho-Medium.r78... extraction completed
Extracting file fonts/TB-Mincho-Medium.r79... extraction completed
Extracting file fonts/TB-Mincho-Medium.r7A... extraction completed
Total time: 6 seconds
Job Completed: 0fonts.ps

Setup loaded: "test 2 (colour)"
Starting Job On 09 October 1998 15:53:31
Using Color Setup "(None)"
Using default device calibration

Interpretation time: 1 seconds
Outputting page...
CHECKSUM = D0FE5E27
Left Margin 0, Right Margin 4462, Top Margin 0, Bottom Margin 1224, Margin negate 0
Color type 0, 1 bits 
Print time: 1 seconds
Total time: 2 seconds
Job Completed: HX3fx; document: 35 fonts.pm

Setup loaded: "test 2 (colour)"
Starting Job On 09 October 1998 15:53:40
Using Color Setup "(None)"
Using default device calibration

Interpretation time: 2 seconds
Screen Usage:
 Dot Shape: 'HDS Fine'   Color: Cyan
 Dot Shape: 'HDS Fine'   Color: Magenta
 Dot Shape: 'HDS Fine'   Color: Yellow
 Dot Shape: 'HDS Fine'   Color: Black
Outputting page...
CHECKSUM = B0FA8FB
Left Margin 0, Right Margin 4395, Top Margin 0, Bottom Margin 1224, Margin negate 0
Color type 0, 1 bits 
Print time: 1 seconds
Interpretation time: 1 seconds
Outputting page...
CHECKSUM = 0
Left Margin 0, Right Margin 4395, Top Margin 0, Bottom Margin 1224, Margin negate 0
Color type 0, 1 bits 
Print time: 1 seconds
Interpretation time: 1 seconds
Outputting page...
CHECKSUM = 0
Left Margin 0, Right Margin 4395, Top Margin 0, Bottom Margin 1224, Margin negate 0
Color type 0, 1 bits 
Print time: 0 seconds
Interpretation time: 2 seconds
Outputting page...
CHECKSUM = 0
Left Margin 0, Right Margin 4395, Top Margin 0, Bottom Margin 1224, Margin negate 0
Color type 0, 1 bits 
Print time: 0 seconds
Interpretation time: 1 seconds
Screen Usage:
 Dot Shape: 'HDS Fine'   Color: Cyan
 Dot Shape: 'HDS Fine'   Color: Magenta
 Dot Shape: 'HDS Fine'   Color: Yellow
 Dot Shape: 'HDS Fine'   Color: Black
Outputting page...
CHECKSUM = FDAA2038
Left Margin 0, Right Margin 4395, Top Margin 0, Bottom Margin 1224, Margin negate 0
Color type 0, 1 bits 
Print time: 1 seconds
Interpretation time: 1 seconds
Screen Usage:
 Dot Shape: 'HDS Fine'   Color: Cyan
 Dot Shape: 'HDS Fine'   Color: Magenta
 Dot Shape: 'HDS Fine'   Color: Yellow
 Dot Shape: 'HDS Fine'   Color: Black
Outputting page...
CHECKSUM = 62C3BF26
Left Margin 0, Right Margin 4395, Top Margin 0, Bottom Margin 1224, Margin negate 0
Color type 0, 1 bits 
Print time: 1 seconds
Interpretation time: 2 seconds
Screen Usage:
 Dot Shape: 'HDS Fine'   Color: Cyan
 Dot Shape: 'HDS Fine'   Color: Magenta
 Dot Shape: 'HDS Fine'   Color: Yellow
 Dot Shape: 'HDS Fine'   Color: Black
Outputting page...
CHECKSUM = 55D6026B
Left Margin 0, Right Margin 4395, Top Margin 0, Bottom Margin 1224, Margin negate 0
Color type 0, 1 bits 
Print time: 1 seconds
Total time: 15 seconds
Job Completed: EP3fx; document: QuarkXPress¨¥Colors¥1

Setup loaded: "test 2 (colour)"
Starting Job On 09 October 1998 15:54:04
Using Color Setup "(None)"
Using default device calibration

Black 
Interpretation time: 12 seconds
Screen Usage:
 Dot Shape: 'HDS Fine'   Color: Black
Outputting page...
CHECKSUM = 7D04E1DE
Left Margin 0, Right Margin -4138, Top Margin 0, Bottom Margin -9632, Margin negate 0
Color type 0, 1 bits 
Print time: 7 seconds
Interpretation time: 0 seconds
Outputting page...
CHECKSUM = 0
Left Margin 0, Right Margin 5084, Top Margin 0, Bottom Margin 5224, Margin negate 0
Color type 0, 1 bits 
Print time: 0 seconds
Total time: 19 seconds
Job Completed: 8000bk.ps

Setup loaded: "test 2 (colour)"
Starting Job On 09 October 1998 15:54:39
Using Color Setup "(None)"
Using default device calibration

Interpretation time: 1 minutes 42 seconds
Outputting page...
CHECKSUM = 2446CC98
Left Margin 0, Right Margin 4554, Top Margin 0, Bottom Margin 946, Margin negate 0
Color type 0, 1 bits 
Print time: 2 seconds
Total time: 1 minutes 44 seconds
Job Completed: A1p101.hpg

Setup loaded: "test 2 (colour)"
Starting Job On 09 October 1998 15:56:40
Using Color Setup "(None)"
Using default device calibration

Interpretation time: 39 seconds
Screen Usage:
 Dot Shape: 'HDS Fine'   Color: Cyan
 Dot Shape: 'HDS Fine'   Color: Magenta
 Dot Shape: 'HDS Fine'   Color: Yellow
 Dot Shape: 'HDS Fine'   Color: Black
Outputting page...
CHECKSUM = BD5DDAD0
Left Margin 0, Right Margin 4462, Top Margin 0, Bottom Margin 1224, Margin negate 0
Color type 0, 1 bits 
Print time: 7 seconds
Total time: 46 seconds
Job Completed: andyc; document: Copy of bass

Setup loaded: "test 2 (colour)"
Starting Job On 09 October 1998 15:57:59
Using Color Setup "(None)"
Using default device calibration

Interpretation time: 37 seconds
Screen Usage:
 Dot Shape: 'HDS Fine'   Color: Cyan
 Dot Shape: 'HDS Fine'   Color: Magenta
 Dot Shape: 'HDS Fine'   Color: Yellow
 Dot Shape: 'HDS Fine'   Color: Black
Outputting page...
CHECKSUM = 586D5971
Left Margin 0, Right Margin 3462, Top Margin 0, Bottom Margin -1176, Margin negate 0
Color type 0, 1 bits 
Print time: 6 seconds
Interpretation time: 34 seconds
Screen Usage:
 Dot Shape: 'HDS Fine'   Color: Cyan
 Dot Shape: 'HDS Fine'   Color: Magenta
 Dot Shape: 'HDS Fine'   Color: Yellow
 Dot Shape: 'HDS Fine'   Color: Black
Outputting page...
CHECKSUM = 59203C06
Left Margin 0, Right Margin 3462, Top Margin 0, Bottom Margin -1176, Margin negate 0
Color type 0, 1 bits 
Print time: 7 seconds
Interpretation time: 34 seconds
Screen Usage:
 Dot Shape: 'HDS Fine'   Color: Cyan
 Dot Shape: 'HDS Fine'   Color: Magenta
 Dot Shape: 'HDS Fine'   Color: Yellow
 Dot Shape: 'HDS Fine'   Color: Black
Outputting page...
CHECKSUM = 9A0D823F
Left Margin 0, Right Margin 3462, Top Margin 0, Bottom Margin -1176, Margin negate 0
Color type 0, 1 bits 
Print time: 6 seconds
Interpretation time: 51 seconds
Screen Usage:
 Dot Shape: 'HDS Fine'   Color: Cyan
 Dot Shape: 'HDS Fine'   Color: Magenta
 Dot Shape: 'HDS Fine'   Color: Yellow
 Dot Shape: 'HDS Fine'   Color: Black
Outputting page...
CHECKSUM = F24E0A46
Left Margin 0, Right Margin 3462, Top Margin 0, Bottom Margin -1176, Margin negate 0
Color type 0, 1 bits 
Print time: 5 seconds
Total time: 3 minutes 0 seconds
Job Completed: jez; document: bass.jk.freehand

Setup loaded: "test 2 (colour)"
Starting Job On 09 October 1998 16:02:15
Using Color Setup "(None)"
Using default device calibration

Interpretation time: 2 seconds
Screen Usage:
 Dot Shape: 'HDS Fine'   Color: Black
Outputting page...
CHECKSUM = 63A53D5C
Left Margin 0, Right Margin 3062, Top Margin 0, Bottom Margin 1224, Margin negate 0
Color type 0, 1 bits 
Print time: 3 seconds
Total time: 5 seconds
Job Completed: jez; document: 7.captain.doc.new

Setup loaded: "test 2 (colour)"
Starting Job On 09 October 1998 16:02:42
Using Color Setup "(None)"
Using default device calibration

	Interleaf::pl2ps 3.2.0
	Interleaf::For: <Unknown User>@wsm 
	Interleaf::Document: Coastline 
	Interleaf::Last saved on: 2:06:44 PM Sun, Nov 22, 1987 
	Interleaf::Printed on: 12:54:27 PM Tue, Jan 26, 1988 
Interpretation time: 1 seconds
Screen Usage:
 Dot Shape: 'HDS Fine'   Color: Black
Outputting page...
CHECKSUM = 66709646
Left Margin 0, Right Margin 4462, Top Margin 0, Bottom Margin 1224, Margin negate 0
Color type 0, 1 bits 
Print time: 0 seconds
Total time: 2 seconds
Job Completed: Coastlin.ps

Setup loaded: "test 2 (colour)"
Starting Job On 09 October 1998 16:22:18
Using Color Setup "(None)"
Using default device calibration

Interpretation time: 4 seconds
Outputting page...
CHECKSUM = E2735940
Left Margin 0, Right Margin 4554, Top Margin 0, Bottom Margin 946, Margin negate 0
Color type 0, 1 bits 
Print time: 1 seconds
Total time: 5 seconds
Job Completed: Escher.ps

Setup loaded: "test 2 (colour)"
Starting Job On 09 October 1998 16:23:59
Using Color Setup "(None)"
Using default device calibration

Interpretation time: 2 seconds
Screen Usage:
 Dot Shape: 'HDS Fine'   Color: Black
Outputting page...
CHECKSUM = C19BD90
Left Margin 0, Right Margin 4554, Top Margin 0, Bottom Margin 946, Margin negate 0
Color type 0, 1 bits 
Print time: 0 seconds
Total time: 3 seconds
Job Completed: Flamingo.ps

Setup loaded: "test 2 (colour)"
Starting Job On 09 October 1998 16:24:13
Using Color Setup "(None)"
Using default device calibration

Interpretation time: 2 seconds
Screen Usage:
 Dot Shape: 'HDS Fine'   Color: Black
Outputting page...
CHECKSUM = D6E38438
Left Margin 0, Right Margin 4554, Top Margin 0, Bottom Margin 946, Margin negate 0
Color type 0, 1 bits 
Print time: 1 seconds
Interpretation time: 0 seconds
Screen Usage:
 Dot Shape: 'HDS Fine'   Color: Black
Outputting page...
CHECKSUM = E168A0C
Left Margin 0, Right Margin 4554, Top Margin 0, Bottom Margin 946, Margin negate 0
Color type 0, 1 bits 
Print time: 0 seconds
Interpretation time: 1 seconds
Screen Usage:
 Dot Shape: 'HDS Fine'   Color: Black
Outputting page...
CHECKSUM = C95A213E
Left Margin 0, Right Margin 4554, Top Margin 0, Bottom Margin 946, Margin negate 0
Color type 0, 1 bits 
Print time: 0 seconds
Interpretation time: 1 seconds
Screen Usage:
 Dot Shape: 'HDS Fine'   Color: Black
Outputting page...
CHECKSUM = CB877717
Left Margin 0, Right Margin 4554, Top Margin 0, Bottom Margin 946, Margin negate 0
Color type 0, 1 bits 
Print time: 1 seconds
Interpretation time: 0 seconds
Screen Usage:
 Dot Shape: 'HDS Fine'   Color: Black
Outputting page...
CHECKSUM = E7012383
Left Margin 0, Right Margin 4554, Top Margin 0, Bottom Margin 946, Margin negate 0
Color type 0, 1 bits 
Print time: 0 seconds
Interpretation time: 1 seconds
Screen Usage:
 Dot Shape: 'HDS Fine'   Color: Black
Outputting page...
CHECKSUM = D445DEA4
Left Margin 0, Right Margin 4554, Top Margin 0, Bottom Margin 946, Margin negate 0
Color type 0, 1 bits 
Print time: 1 seconds
Interpretation time: 0 seconds
Screen Usage:
 Dot Shape: 'HDS Fine'   Color: Black
Outputting page...
CHECKSUM = 77F1249
Left Margin 0, Right Margin 4554, Top Margin 0, Bottom Margin 946, Margin negate 0
Color type 0, 1 bits 
Print time: 1 seconds
Interpretation time: 2 seconds
Screen Usage:
 Dot Shape: 'HDS Fine'   Color: Black
Outputting page...
CHECKSUM = 94C581DA
Left Margin 0, Right Margin 4554, Top Margin 0, Bottom Margin 946, Margin negate 0
Color type 0, 1 bits 
Print time: 1 seconds
Interpretation time: 0 seconds
Screen Usage:
 Dot Shape: 'HDS Fine'   Color: Black
Outputting page...
CHECKSUM = 2F66AFA8
Left Margin 0, Right Margin 4554, Top Margin 0, Bottom Margin 946, Margin negate 0
Color type 0, 1 bits 
Print time: 1 seconds
Interpretation time: 0 seconds
Screen Usage:
 Dot Shape: 'HDS Fine'   Color: Black
Outputting page...
CHECKSUM = F990F7B2
Left Margin 0, Right Margin 4554, Top Margin 0, Bottom Margin 946, Margin negate 0
Color type 0, 1 bits 
Print time: 1 seconds
Interpretation time: 0 seconds
Screen Usage:
 Dot Shape: 'HDS Fine'   Color: Black
Outputting page...
CHECKSUM = B6678B1C
Left Margin 0, Right Margin 4554, Top Margin 0, Bottom Margin 946, Margin negate 0
Color type 0, 1 bits 
Print time: 1 seconds
Interpretation time: 0 seconds
Screen Usage:
 Dot Shape: 'HDS Fine'   Color: Black
Outputting page...
CHECKSUM = 26A236AC
Left Margin 0, Right Margin 4554, Top Margin 0, Bottom Margin 946, Margin negate 0
Color type 0, 1 bits 
Print time: 0 seconds
Interpretation time: 1 seconds
Screen Usage:
 Dot Shape: 'HDS Fine'   Color: Black
Outputting page...
CHECKSUM = D4C16AA1
Left Margin 0, Right Margin 4554, Top Margin 0, Bottom Margin 946, Margin negate 0
Color type 0, 1 bits 
Print time: 0 seconds
Interpretation time: 1 seconds
Screen Usage:
 Dot Shape: 'HDS Fine'   Color: Black
Outputting page...
CHECKSUM = C3D28DEC
Left Margin 0, Right Margin 4554, Top Margin 0, Bottom Margin 946, Margin negate 0
Color type 0, 1 bits 
Print time: 0 seconds
Interpretation time: 1 seconds
Screen Usage:
 Dot Shape: 'HDS Fine'   Color: Black
Outputting page...
CHECKSUM = 3D6BA523
Left Margin 0, Right Margin 4554, Top Margin 0, Bottom Margin 946, Margin negate 0
Color type 0, 1 bits 
Print time: 0 seconds
Interpretation time: 2 seconds
Screen Usage:
 Dot Shape: 'HDS Fine'   Color: Black
Outputting page...
CHECKSUM = CEC4F4FD
Left Margin 0, Right Margin 4554, Top Margin 0, Bottom Margin 946, Margin negate 0
Color type 0, 1 bits 
Print time: 0 seconds
Interpretation time: 1 seconds
Screen Usage:
 Dot Shape: 'HDS Fine'   Color: Black
Outputting page...
CHECKSUM = 67246E1
Left Margin 0, Right Margin 4554, Top Margin 0, Bottom Margin 946, Margin negate 0
Color type 0, 1 bits 
Print time: 0 seconds
Interpretation time: 1 seconds
Screen Usage:
 Dot Shape: 'HDS Fine'   Color: Black
Outputting page...
CHECKSUM = 809A8695
Left Margin 0, Right Margin 4554, Top Margin 0, Bottom Margin 946, Margin negate 0
Color type 0, 1 bits 
Print time: 0 seconds
Interpretation time: 1 seconds
Screen Usage:
 Dot Shape: 'HDS Fine'   Color: Black
Outputting page...
CHECKSUM = 73ECB093
Left Margin 0, Right Margin 4554, Top Margin 0, Bottom Margin 946, Margin negate 0
Color type 0, 1 bits 
Print time: 0 seconds
Interpretation time: 0 seconds
Screen Usage:
 Dot Shape: 'HDS Fine'   Color: Black
Outputting page...
CHECKSUM = DA9119F4
Left Margin 0, Right Margin 4554, Top Margin 0, Bottom Margin 946, Margin negate 0
Color type 0, 1 bits 
Print time: 1 seconds
Interpretation time: 0 seconds
Screen Usage:
 Dot Shape: 'HDS Fine'   Color: Black
Outputting page...
CHECKSUM = AC56F7E7
Left Margin 0, Right Margin 4554, Top Margin 0, Bottom Margin 946, Margin negate 0
Color type 0, 1 bits 
Print time: 1 seconds
Interpretation time: 0 seconds
Screen Usage:
 Dot Shape: 'HDS Fine'   Color: Black
Outputting page...
CHECKSUM = 28D27D81
Left Margin 0, Right Margin 4554, Top Margin 0, Bottom Margin 946, Margin negate 0
Color type 0, 1 bits 
Print time: 1 seconds
Interpretation time: 1 seconds
Screen Usage:
 Dot Shape: 'HDS Fine'   Color: Black
Outputting page...
CHECKSUM = 5949E712
Left Margin 0, Right Margin 4554, Top Margin 0, Bottom Margin 946, Margin negate 0
Color type 0, 1 bits 
Print time: 0 seconds
Interpretation time: 0 seconds
Screen Usage:
 Dot Shape: 'HDS Fine'   Color: Black
Outputting page...
CHECKSUM = EB87BA62
Left Margin 0, Right Margin 4554, Top Margin 0, Bottom Margin 946, Margin negate 0
Color type 0, 1 bits 
Print time: 1 seconds
Interpretation time: 0 seconds
Screen Usage:
 Dot Shape: 'HDS Fine'   Color: Black
Outputting page...
CHECKSUM = 2AAF944B
Left Margin 0, Right Margin 4554, Top Margin 0, Bottom Margin 946, Margin negate 0
Color type 0, 1 bits 
Print time: 1 seconds
Total time: 29 seconds
Job Completed: Fraceman.ps

Setup loaded: "test 2 (colour)"
Starting Job On 09 October 1998 16:24:51
Using Color Setup "(None)"
Using default device calibration

Interpretation time: 2 seconds
Screen Usage:
 Dot Shape: 'HDS Fine'   Color: Black
Outputting page...
CHECKSUM = 9C939AC2
Left Margin 0, Right Margin 4554, Top Margin 0, Bottom Margin 946, Margin negate 0
Color type 0, 1 bits 
Print time: 1 seconds
Total time: 3 seconds
Job Completed: Golfer.ps

Setup loaded: "test 2 (colour)"
Starting Job On 09 October 1998 16:24:59
Using Color Setup "(None)"
Using default device calibration

Interpretation time: 1 minutes 55 seconds
Screen Usage:
 Dot Shape: 'HDS Fine'   Color: Cyan
 Dot Shape: 'HDS Fine'   Color: Magenta
 Dot Shape: 'HDS Fine'   Color: Yellow
Outputting page...
CHECKSUM = FC13532F
Left Margin 0, Right Margin 4554, Top Margin 0, Bottom Margin 946, Margin negate 0
Color type 0, 1 bits 
Print time: 1 seconds
Total time: 1 minutes 56 seconds
Job Completed: Hgp101.hpg

Setup loaded: "test 2 (colour)"
Starting Job On 09 October 1998 16:27:03
Using Color Setup "(None)"
Using default device calibration

Screen Usage:
 Dot Shape: 'HDS Fine'   Color: Cyan
 Dot Shape: 'HDS Fine'   Color: Magenta
 Dot Shape: 'HDS Fine'   Color: Yellow
 Dot Shape: 'HDS Fine'   Color: Black
Painting partial page to disk...
Interpretation time: 13 minutes 43 seconds
Screen Usage:
 Dot Shape: 'HDS Fine'   Color: Cyan
 Dot Shape: 'HDS Fine'   Color: Magenta
 Dot Shape: 'HDS Fine'   Color: Yellow
 Dot Shape: 'HDS Fine'   Color: Black
Painting page to disk...
Page buffer size: Raw - 7602Kb, Compressed - 3906Kb, Ratio - 1.95:1
Outputting page...
CHECKSUM = 82799A93
Left Margin 0, Right Margin 4554, Top Margin 0, Bottom Margin 946, Margin negate 0
Color type 0, 1 bits 
Print time: 8 seconds
Total time: 13 minutes 51 seconds
Job Completed: Mnchena3.ps

Setup loaded: "test 2 (colour)"
Starting Job On 09 October 1998 16:41:09
Using Color Setup "(None)"
Using default device calibration

Interpretation time: 13 minutes 5 seconds
Screen Usage:
 Dot Shape: 'HDS Fine'   Color: Cyan
 Dot Shape: 'HDS Fine'   Color: Magenta
 Dot Shape: 'HDS Fine'   Color: Yellow
 Dot Shape: 'HDS Fine'   Color: Black
Outputting page...
CHECKSUM = 3B106648
Left Margin 0, Right Margin 4554, Top Margin 0, Bottom Margin 946, Margin negate 0
Color type 0, 1 bits 
Print time: 11 seconds
Total time: 13 minutes 16 seconds
Job Completed: Mnchenwk.ps

Setup loaded: "test 2 (colour)"
Starting Job On 09 October 1998 16:54:39
Using Color Setup "(None)"
Using default device calibration

Interpretation time: 4 seconds
Screen Usage:
 Dot Shape: 'HDS Fine'   Color: Black
Outputting page...
CHECKSUM = 1A0EA392
Left Margin 0, Right Margin 3062, Top Margin 0, Bottom Margin 890, Margin negate 0
Color type 0, 1 bits 
Print time: 4 seconds
Interpretation time: 2 seconds
Screen Usage:
 Dot Shape: 'HDS Fine'   Color: Black
Outputting page...
CHECKSUM = 580C709A
Left Margin 0, Right Margin 3062, Top Margin 0, Bottom Margin 890, Margin negate 0
Color type 0, 1 bits 
Print time: 4 seconds
Interpretation time: 2 seconds
Screen Usage:
 Dot Shape: 'HDS Fine'   Color: Black
Outputting page...
CHECKSUM = 7665A0ED
Left Margin 0, Right Margin 3062, Top Margin 0, Bottom Margin 890, Margin negate 0
Color type 0, 1 bits 
Print time: 4 seconds
Interpretation time: 2 seconds
Screen Usage:
 Dot Shape: 'HDS Fine'   Color: Black
Outputting page...
CHECKSUM = D8A21FB1
Left Margin 0, Right Margin 3062, Top Margin 0, Bottom Margin 890, Margin negate 0
Color type 0, 1 bits 
Print time: 4 seconds
Total time: 26 seconds
Job Completed: jez; document: Musicians

Setup loaded: "test 2 (colour)"
Starting Job On 09 October 1998 16:58:23
Using Color Setup "(None)"
Using default device calibration

Interpretation time: 4 minutes 56 seconds
Screen Usage:
 Dot Shape: 'HDS Fine'   Color: Black
Outputting page...
CHECKSUM = F29322E2
Left Margin 0, Right Margin 4554, Top Margin 0, Bottom Margin 946, Margin negate 0
Color type 0, 1 bits 
Print time: 3 seconds
Total time: 5 minutes 0 seconds
Job Completed: Radiocas.ps

Setup loaded: "test 2 (colour)"
Starting Job On 09 October 1998 17:08:47
Using Color Setup "(None)"
Using default device calibration

Interpretation time: 50 minutes 25 seconds
Screen Usage:
 Dot Shape: 'HDS Fine'   Color: Cyan
 Dot Shape: 'HDS Fine'   Color: Magenta
 Dot Shape: 'HDS Fine'   Color: Yellow
 Dot Shape: 'HDS Fine'   Color: Black
Outputting page...
CHECKSUM = DC3838F
Left Margin 0, Right Margin 4554, Top Margin 0, Bottom Margin 946, Margin negate 0
Color type 0, 1 bits 
Print time: 10 seconds
Total time: 50 minutes 41 seconds
Job Completed: Ausenpln.ps

