
Total Memory Available: 55627Kb
Memory Left For System - Requested: 24539Kb, Actual: 24539Kb
Network Buffer - Requested: 64Kb, Actual: 64Kb
Printer Buffer - Requested: 1024Kb, Actual: 1024Kb
Band Size - Requested: 128Kb, Actual: 128Kb
Memory available for RIP: 30000Kb

! Harlequin Color Test Plugin with checksums: Version 3.0r1 - Copyright (c) 1992-1998 Harlequin Group plc. All Rights Reserved.
! Harlequin Test Plugin with checksums: Version 3.0r1 - Copyright (c) 1992-1998 Harlequin Group plc. All Rights Reserved.
! Harlequin SpoolFolder Plugin : Version 3.0r4 - Copyright (c) 1993 - 1998 Harlequin Group plc. All Rights Reserved.
Updating standard Printing Press calibration curves...
RIP Version 5.0 Revision 0
Working set requested: 35184Kb; granted: 35184Kb
Serial number: 41586-55

Publishing SpoolFolder channel spool mono
There are 0 exclusions lengths 0 0
Setup loaded: "mono 1270dpi HDS fine"
Starting Job On 21 December 1998 16:39:30
Using Color Setup "(None)"
Using default device calibration
Interpretation time: 47 seconds
Screen Usage:
 Dot Shape: 'HDS Fine'   Color: Black
Outputting page...
CHECKSUM = 1C6F70BB
Left Margin 0, Right Margin 4740, Top Margin 0, Bottom Margin 0, Margin negate 0
Color type 0, 1 bits 
Print time: 22 seconds
Total time: 1 minutes 9 seconds
Job Completed: AUSENPLN.PS

Setup loaded: "mono 1270dpi HDS fine"
Starting Job On 21 December 1998 16:41:00
Using Color Setup "(None)"
Using default device calibration
Spool folder Input Plugin: Ignoring the non-PostScript spool file quitSW.ps 
Stopping SpoolFolder channel spool mono
