
0x3013a060:      84 bytes L MM_ALLOC_CLASS_NCOLOR             COLOR_POOL_TYPE  at 0x3026dd70 seq=001185, gschead.c(999)
0x300cd3f8:    3080 bytes L MM_ALLOC_CLASS_FILE_BUFFER        TEMP_POOL_TYPE   at 0x3026deb8 seq=000431, fileio.c(483)
Gap of 442464 bytes

0x300be068:      24 bytes L MM_ALLOC_CLASS_GUC_SHEET          TEMP_POOL_TYPE   at 0x3026deb8 seq=001227, gu_chan.c(3842)
0x2ff5df18:     232 bytes L MM_ALLOC_CLASS_UNDECIDED          PDF_POOL_TYPE    at 0x300c1310 seq=001337, pdfin.c(221)
Gap of 1441896 bytes

0x2fec7000:       8 bytes L MM_ALLOC_CLASS_PDF_PSOBJECT       PDF_POOL_TYPE    at 0x300c0878 seq=417534, pdfscan.c(1400)
0x2fea3658:    1027 bytes L MM_ALLOC_CLASS_STREAM_BUFFER      TEMP_POOL_TYPE   at 0x3026deb8 seq=1726844, stream.c(206)
Gap of 144805 bytes

0x2fe97000:     100 bytes L MM_ALLOC_CLASS_FLATE_STATE        TEMP_POOL_TYPE   at 0x3026deb8 seq=002308, flate.c(516)
0x2fe76f48:     184 bytes L MM_ALLOC_CLASS_PDF_PSOBJECT       PDF_POOL_TYPE    at 0x300c0878 seq=417546, pdfscan.c(1207)
Gap of 131072 bytes

0x2fe67068:     232 bytes L MM_ALLOC_CLASS_PDF_PSOBJECT       PDF_POOL_TYPE    at 0x300c0878 seq=2069945, pdfscan.c(1207)
0x2fe26f78:     132 bytes L MM_ALLOC_CLASS_PDF_FILELIST       PDF_POOL_TYPE    at 0x300c1310 seq=1434419, pdfstrm.c(751)
Gap of 262252 bytes

0x2fe17028:      32 bytes L MM_ALLOC_CLASS_PDF_XREF           PDF_POOL_TYPE    at 0x300c1310 seq=755122, pdfxref.c(651)
0x2fdf6c80:    1626 bytes L MM_ALLOC_CLASS_UNDECIDED          COLOR_POOL_TYPE  at 0x3026dd70 seq=9224322, gscdevci.c(2963)
Gap of 130382 bytes

0x2fd9b080:     132 bytes L MM_ALLOC_CLASS_PDF_FILELIST       PDF_POOL_TYPE    at 0x300c1310 seq=3539406, pdfstrm.c(751)
0x2fd5af48:     184 bytes L MM_ALLOC_CLASS_PDF_PSOBJECT       PDF_POOL_TYPE    at 0x300c0878 seq=4159163, pdfscan.c(1207)
Gap of 262272 bytes

0x2fd3b038:      32 bytes L MM_ALLOC_CLASS_PDF_XREF           PDF_POOL_TYPE    at 0x300c1310 seq=5497984, pdfxref.c(651)
0x2fce9f78:     132 bytes L MM_ALLOC_CLASS_PDF_FILELIST       PDF_POOL_TYPE    at 0x300c1310 seq=6540067, pdfstrm.c(751)
Gap of 331836 bytes

0x2fcda008:      32 bytes L MM_ALLOC_CLASS_PDF_XREF           PDF_POOL_TYPE    at 0x300c1310 seq=6031874, pdfxref.c(651)
0x2fc99f18:     232 bytes L MM_ALLOC_CLASS_PDF_PSOBJECT       PDF_POOL_TYPE    at 0x300c0878 seq=8124708, pdfscan.c(1207)
Gap of 262152 bytes

0x2fc6a060:     132 bytes L MM_ALLOC_CLASS_PDF_FILELIST       PDF_POOL_TYPE    at 0x300c1310 seq=8644810, pdfstrm.c(751)
0x2fc46000:   16384 bytes L MM_ALLOC_CLASS_IMAGE_DATA         IMBFIX_POOL_TYPE at 0x2fa4e1a0 seq=9223906, imstore.c(2977)
Gap of 131168 bytes

0x2fbb7010:     132 bytes L MM_ALLOC_CLASS_PDF_FILELIST       PDF_POOL_TYPE    at 0x300c1310 seq=7792094, pdfstrm.c(751)
0x2fb76f18:     232 bytes L MM_ALLOC_CLASS_PDF_PSOBJECT       PDF_POOL_TYPE    at 0x300c0878 seq=9214939, pdfscan.c(1207)
Gap of 262160 bytes

0x2faef008:       8 bytes L MM_ALLOC_CLASS_PDF_RESOURCE       PDF_POOL_TYPE    at 0x300c1310 seq=9222993, pdfattrs.c(458)
0x2facee00:     512 bytes L MM_ALLOC_CLASS_IMAGE_DATA         IMBVAR_POOL_TYPE at 0x2fa4e058 seq=9236560, imstore.c(2948)
Gap of 131080 bytes

0x2fa80e00:     512 bytes L MM_ALLOC_CLASS_IMAGE_DATA         IMBVAR_POOL_TYPE at 0x2fa4e058 seq=9241299, imstore.c(2958)
0x2fa53fb0:   12362 bytes L MM_ALLOC_CLASS_TTFONT             TEMP_POOL_TYPE   at 0x3026deb8 seq=9225096, tt_font.c(149)
Gap of 171526 bytes

